Running: /mnt/support/software/linux/all/x86_64/Xilinx/14.2/ISE_DS/ISE/bin/lin64/unwrapped/fuse -intstyle ise -incremental -lib unisims_ver -lib unimacro_ver -lib xilinxcorelib_ver -lib secureip -o /ad/eng/users/a/u/austinmw/Desktop/CSA64bit/CSA64bit_tb_isim_beh.exe -prj /ad/eng/users/a/u/austinmw/Desktop/CSA64bit/CSA64bit_tb_beh.prj work.CSA64bit_tb work.glbl 
ISim P.28xd (signature 0x54af6ca1)
Number of CPUs detected in this system: 8
Turning on mult-threading, number of parallel sub-compilation jobs: 16 
Determining compilation order of HDL files
Analyzing Verilog file "/ad/eng/users/a/u/austinmw/Desktop/CSA64bit/../../../../../../../../home/austinmw/Desktop/Logic Modules/FA_str.v" into library work
Analyzing Verilog file "/ad/eng/users/a/u/austinmw/Desktop/CSA64bit/../../../../../../../../home/austinmw/Desktop/Logic Modules/FA4bit.v" into library work
Analyzing Verilog file "/ad/eng/users/a/u/austinmw/Desktop/CSA64bit/../../../../../../../../home/austinmw/Desktop/RCA32bit/RCA32bit.v" into library work
Analyzing Verilog file "/ad/eng/users/a/u/austinmw/Desktop/CSA64bit/../../../../../../../../home/austinmw/Desktop/mux_1x2.v" into library work
Analyzing Verilog file "/ad/eng/users/a/u/austinmw/Desktop/CSA64bit/verification_csa64bit.v" into library work
Analyzing Verilog file "/ad/eng/users/a/u/austinmw/Desktop/CSA64bit/CSA64bit.v" into library work
Analyzing Verilog file "/ad/eng/users/a/u/austinmw/Desktop/CSA64bit/CSA64bit_tb.v" into library work
Analyzing Verilog file "/mnt/support/software/linux/all/x86_64/Xilinx/14.2/ISE_DS/ISE//verilog/src/glbl.v" into library work
Starting static elaboration
Completed static elaboration
Fuse Memory Usage: 93896 KB
Fuse CPU Usage: 1850 ms
Compiling module verification_csa64bit
Compiling module FA_str
Compiling module FA4bit
Compiling module RCA32bit
Compiling module mux_1x2
Compiling module CSA64bit_default
Compiling module CSA64bit_tb
Compiling module glbl
Time Resolution for simulation is 1ps.
Waiting for 1 sub-compilation(s) to finish...
Compiled 8 Verilog Units
Built simulation executable /ad/eng/users/a/u/austinmw/Desktop/CSA64bit/CSA64bit_tb_isim_beh.exe
Fuse Memory Usage: 1178464 KB
Fuse CPU Usage: 1880 ms
GCC CPU Usage: 480 ms
